<?xml version='1.0' encoding='UTF-8'?>
<testsuite hostname="LR-030DNF" name="HomepageSpec" tests="2" errors="0" failures="0" time="0.307">
                     <properties>
[...]
</properties>
                     <testcase classname="HomepageSpec" name="Scenario: User loads the webpage" time="0.234">
                                                 
                                               </testcase><testcase classname="HomepageSpec" name="Feature: Big Red Button Scenario: User Presses Big Red Button" time="0.073">
                                                 
                                               </testcase>
                     <system-out></system-out>
                     <system-err></system-err>
                   </testsuite>